33 9 14.5 3.5 5.99936 1230
33 11 14.5 5.5 5.99936 1230
33 13 14.5 7.5 5.99936 1230
33 1 14.5 0 5.99936 1230
35 9 16.5 3.5 5.99936 1230
35 11 16.5 5.5 5.99936 1230
35 13 16.5 7.5 5.99936 1230
35 1 16.5 0 5.99936 1230
9 35 3.5 16.5 5.99936 3164
9 37 3.5 18.5 5.99936 3164
9 39 3.5 20.5 5.99936 3164
9 41 3.5 22.5 5.99936 3164
9 43 3.5 24.5 5.99936 3164
9 45 3.5 26.5 5.99936 3164
9 47 3.5 28.5 5.99936 3164
9 49 3.5 30.5 5.99936 3164
9 51 3.5 32.5 5.99936 3164
9 53 3.5 34.5 5.99936 3164
9 55 3.5 36.5 5.99936 3164
9 57 3.5 38.5 5.99936 3164
9 59 3.5 40.5 5.99936 3164
37 9 18.5 3.5 5.99936 1230
37 11 18.5 5.5 5.99936 1230
37 13 18.5 7.5 5.99936 1230
37 1 18.5 0 5.99936 1230
37 67 18.5 79.5 5.99936 1347
39 9 20.5 3.5 5.99936 1230
39 11 20.5 5.5 5.99936 1230
39 13 20.5 7.5 5.99936 1230
39 1 20.5 0 5.99936 1230
39 67 20.5 79.5 5.99936 1347
41 9 22.5 3.5 5.99936 1230
41 11 22.5 5.5 5.99936 1230
41 13 22.5 7.5 5.99936 1230
41 1 22.5 0 5.99936 1230
41 67 22.5 79.5 5.99936 1347
43 9 24.5 3.5 5.99936 1230
43 11 24.5 5.5 5.99936 1230
43 13 24.5 7.5 5.99936 1230
43 1 24.5 0 5.99936 1230
43 67 24.5 79.5 5.99936 1347
11 35 5.5 16.5 5.99936 3164
11 37 5.5 18.5 5.99936 3164
11 39 5.5 20.5 5.99936 3164
11 41 5.5 22.5 5.99936 3164
11 43 5.5 24.5 5.99936 3164
11 45 5.5 26.5 5.99936 3164
11 47 5.5 28.5 5.99936 3164
11 49 5.5 30.5 5.99936 3164
11 51 5.5 32.5 5.99936 3164
11 53 5.5 34.5 5.99936 3164
11 55 5.5 36.5 5.99936 3164
11 57 5.5 38.5 5.99936 3164
11 59 5.5 40.5 5.99936 3164
45 9 26.5 3.5 5.99936 1230
45 11 26.5 5.5 5.99936 1230
45 13 26.5 7.5 5.99936 1230
45 1 26.5 0 5.99936 1230
45 67 26.5 79.5 5.99936 1347
47 9 28.5 3.5 5.99936 1230
47 11 28.5 5.5 5.99936 1230
47 13 28.5 7.5 5.99936 1230
47 1 28.5 0 5.99936 1230
47 67 28.5 79.5 5.99936 1347
49 9 30.5 3.5 5.99936 1230
49 11 30.5 5.5 5.99936 1230
49 13 30.5 7.5 5.99936 1230
49 61 30.5 73.5 5.99936 1347
49 1 30.5 0 5.99936 1230
49 67 30.5 79.5 5.99936 1347
51 9 32.5 3.5 5.99936 1230
51 11 32.5 5.5 5.99936 1230
51 13 32.5 7.5 5.99936 1230
51 61 32.5 73.5 5.99936 1347
51 1 32.5 0 5.99936 1230
51 67 32.5 79.5 5.99936 1347
13 35 7.5 16.5 5.99936 3164
13 37 7.5 18.5 5.99936 3164
13 39 7.5 20.5 5.99936 3164
13 41 7.5 22.5 5.99936 3164
13 43 7.5 24.5 5.99936 3164
13 45 7.5 26.5 5.99936 3164
13 47 7.5 28.5 5.99936 3164
13 49 7.5 30.5 5.99936 3164
13 51 7.5 32.5 5.99936 3164
13 53 7.5 34.5 5.99936 3164
13 55 7.5 36.5 5.99936 3164
13 57 7.5 38.5 5.99936 3164
13 59 7.5 40.5 5.99936 3164
53 9 34.5 3.5 5.99936 1230
53 11 34.5 5.5 5.99936 1230
53 13 34.5 7.5 5.99936 1230
53 61 34.5 73.5 5.99936 1347
53 1 34.5 0 5.99936 1230
53 67 34.5 79.5 5.99936 1347
55 9 36.5 3.5 5.99936 1230
55 11 36.5 5.5 5.99936 1230
55 13 36.5 7.5 5.99936 1230
55 61 36.5 73.5 5.99936 1347
55 1 36.5 0 5.99936 1230
55 67 36.5 79.5 5.99936 1347
63 9 69.5 3.5 5.99936 3230
63 11 69.5 5.5 5.99936 3230
63 13 69.5 7.5 5.99936 3230
63 1 69.5 0 5.99936 3230
1 35 0 16.5 5.99936 3164
1 9 0 3.5 5.99936 1230
1 37 0 18.5 5.99936 3164
1 39 0 20.5 5.99936 3164
1 41 0 22.5 5.99936 3164
1 43 0 24.5 5.99936 3164
1 11 0 5.5 5.99936 1230
1 45 0 26.5 5.99936 3164
1 47 0 28.5 5.99936 3164
1 49 0 30.5 5.99936 3164
1 51 0 32.5 5.99936 3164
1 13 0 7.5 5.99936 1230
1 53 0 34.5 5.99936 3164
1 55 0 36.5 5.99936 3164
1 57 0 38.5 5.99936 3164
1 59 0 40.5 5.99936 3164
1 1 0 0 5.99936 1230
65 9 71.5 3.5 5.99936 3230
65 11 71.5 5.5 5.99936 3230
65 13 71.5 7.5 5.99936 3230
65 1 71.5 0 5.99936 3230
67 9 73.5 3.5 5.99936 3230
67 11 73.5 5.5 5.99936 3230
67 13 73.5 7.5 5.99936 3230
67 1 73.5 0 5.99936 3230
69 9 75.5 3.5 5.99936 3230
69 11 75.5 5.5 5.99936 3230
69 13 75.5 7.5 5.99936 3230
69 1 75.5 0 5.99936 3230
71 9 77.5 3.5 5.99936 3230
71 11 77.5 5.5 5.99936 3230
71 13 77.5 7.5 5.99936 3230
71 1 77.5 0 5.99936 3230
71 67 43.5 43.5 5.99936 3290
71 69 43.5 44.5 5.99936 3290
71 73 43.5 47.5 5.99936 3290
71 75 43.5 49.5 5.99936 3290
71 77 43.5 51.5 5.99936 3290
71 79 43.5 53.5 5.99936 3290
73 9 79.5 3.5 5.99936 3230
73 11 79.5 5.5 5.99936 3230
73 13 79.5 7.5 5.99936 3230
73 1 79.5 0 5.99936 3230
73 67 44.5 43.5 5.99936 3290
73 69 44.5 44.5 5.99936 3290
73 73 44.5 47.5 5.99936 3290
73 75 44.5 49.5 5.99936 3290
73 77 44.5 51.5 5.99936 3290
73 79 44.5 53.5 5.99936 3290
77 67 47.5 43.5 5.99936 3290
77 69 47.5 44.5 5.99936 3290
77 73 47.5 47.5 5.99936 3290
77 75 47.5 49.5 5.99936 3290
77 77 47.5 51.5 5.99936 3290
77 79 47.5 53.5 5.99936 3290
21 9 5.5 3.5 5.99936 1230
21 11 5.5 5.5 5.99936 1230
21 13 5.5 7.5 5.99936 1230
21 1 5.5 0 5.99936 1230
23 9 7.5 3.5 5.99936 1230
23 11 7.5 5.5 5.99936 1230
23 13 7.5 7.5 5.99936 1230
23 1 7.5 0 5.99936 1230
27 9 8.5 3.5 5.99936 1230
27 11 8.5 5.5 5.99936 1230
27 13 8.5 7.5 5.99936 1230
27 1 8.5 0 5.99936 1230
7 9 3.5 3.5 5.99936 1230
7 11 3.5 5.5 5.99936 1230
7 13 3.5 7.5 5.99936 1230
7 1 3.5 0 5.99936 1230
29 9 10.5 3.5 5.99936 1230
29 11 10.5 5.5 5.99936 1230
29 13 10.5 7.5 5.99936 1230
29 1 10.5 0 5.99936 1230
31 9 12.5 3.5 5.99936 1230
31 11 12.5 5.5 5.99936 1230
31 13 12.5 7.5 5.99936 1230
31 1 12.5 0 5.99936 1230
