33 33 32.5 33.5 4.84507 1
33 35 33.5 35 4.82683 7
33 37 33.5 37 4.66241 0
33 41 33.5 41.5 4.64904 9
33 43 33.5 44 4.68212 1
33 47 36.5 47.5 4.73768 52
33 49 35.5 48.5 4.71774 1
33 57 33.5 59 4.22077 1
33 59 33.5 60 4.1735 31
33 61 28.5 60 4.04868 27
33 65 30.5 65.5 4.22315 98
33 67 28.5 66 4.21449 588
33 69 28.5 68 4.51414 195
33 71 28.5 70 4.64457 98
33 73 29 72 4.64501 98
33 75 28.5 74 4.59695 129
33 77 28.5 76 4.58709 129
33 79 28.5 78 4.60184 129
33 5 47.5 6.5 3.44946 4571
33 21 31 19.5 4.0998 589
33 23 28 21.5 4.31715 364
33 25 30 25 4.68001 199
33 27 32 27.5 4.83092 15
33 29 31.5 29 4.816 15
33 31 31.5 31 4.83856 1
35 33 34.5 34 4.84348 1
35 37 35.5 37 4.67752 0
35 39 36.5 38.5 4.49698 9
35 41 35 41 4.55361 9
35 43 35 43.5 4.66986 0
35 45 35 46 4.73588 9
35 47 37.5 48 4.75202 1
35 53 35.5 55 4.66257 52
35 65 32 66 4.14875 92
35 67 30 67 4.20588 607
35 17 44.5 11.5 3.62332 1807
35 69 30 68.5 4.43813 155
35 71 30.5 70 4.5828 92
35 73 30.5 72 4.55017 92
35 75 31 74 4.42022 69
35 19 44.5 12.5 3.64173 1807
35 77 30.5 76 4.46568 69
35 79 30.5 78 4.4982 69
35 29 34 29.5 4.8505 7
35 31 34 31 4.84654 7
9 33 9.5 33 4.70393 107
9 35 9.5 34.5 4.68161 115
9 37 10.5 36 4.623 82
9 39 11.5 38 4.59859 115
9 45 9 44.5 4.37179 208
9 47 9 46.5 4.55951 973
9 3 3.5 2 4.03066 3286
9 49 8.5 48 4.58436 973
9 13 3 11.5 3.8425 4605
9 57 4.5 56.5 4.41165 135
9 59 4.5 58 4.38414 135
9 61 4.5 60 4.41331 70
9 63 4.5 62.5 4.42213 60
9 1 3.5 0 4.03079 3286
9 65 4.5 64.5 4.44271 64
9 67 4.5 66 4.41511 64
9 17 3 19 3.78521 682
9 69 4 68 4.42818 60
9 71 4.5 70.5 4.42323 60
9 73 4.5 72 4.47175 64
9 75 4.5 74 4.5707 60
9 77 4.5 76 4.55468 60
9 5 3.5 4.5 4.11705 2762
9 25 6.5 25.5 4.02978 74
9 7 3.5 6 4.09514 2762
9 29 10 28.5 4.46477 119
9 31 10.5 30.5 4.66639 107
37 33 36.5 34.5 4.84167 1
37 35 38 36 4.82953 7
37 37 37.5 37 4.72393 13
37 41 38 41 4.70643 18
37 43 37.5 43.5 4.70974 52
37 45 37 45.5 4.73701 52
37 13 48.5 7.5 3.6325 1964
37 15 48 8.5 3.62276 1964
37 65 32.5 63.5 4.16344 64
37 67 33 65.5 4.24834 64
37 69 32.5 68 4.4058 419
37 71 33 70 4.51937 0
37 75 33 74 4.49063 64
37 77 33 76 4.52212 64
37 27 39 27.5 4.54336 15
37 31 36 31 4.8475 7
39 33 40 33.5 4.83451 7
39 37 39.5 38 4.81049 0
39 43 40 43.5 4.77237 1
39 45 39.5 45 4.76083 123
39 47 39.5 47.5 4.81387 50
39 49 39.5 49.5 4.82365 50
39 51 39.5 51 4.80271 50
39 53 39 53.5 4.78881 50
39 59 38.5 54 4.2419 3
39 61 37.5 56.5 4.31006 3
39 65 34.5 65.5 4.43398 58
39 67 34.5 68 4.36769 58
39 71 34.5 70 4.41487 0
39 73 34.5 72 4.49593 40
39 75 35 74 4.4861 40
39 19 48 11.5 3.69891 1455
39 77 35 76 4.49847 40
39 79 35 78 4.49685 40
39 21 47 15.5 3.62446 1325
39 7 47.5 0 3.53747 1247
39 29 40.5 29 4.8523 7
39 31 40 31 4.853 7
41 35 41.5 35.5 4.81152 7
41 37 41 38 4.80113 0
41 41 41.5 41 4.71869 15
41 45 41.5 45.5 4.78143 123
41 47 41.5 47.5 4.81442 50
41 49 41.5 49 4.82854 50
41 51 41 51 4.80164 50
41 53 41 53.5 4.80998 50
41 15 28.5 7.5 3.62716 1729
41 61 38 61 4.28042 0
41 65 36.5 65.5 4.41816 58
41 67 36.5 67.5 4.40413 58
41 71 37 70 4.3896 0
41 73 36.5 72 4.54061 18
41 19 49.5 12 3.67223 1455
41 77 36.5 75.5 4.52793 18
41 79 37 78 4.5372 18
41 21 48 15.5 3.75817 1455
41 29 42.5 29 4.84669 7
41 31 42.5 31 4.84955 7
43 33 43.5 33.5 4.83205 7
43 35 43.5 35.5 4.84208 7
43 9 27 0.5 3.60896 3017
43 37 43.5 37.5 4.75958 13
43 39 44 39 4.71832 18
43 41 44 41 4.68336 15
43 43 43 43.5 4.6861 52
43 45 43.5 45.5 4.7628 123
43 47 43.5 47.5 4.83345 50
43 49 43 49.5 4.84178 50
43 51 43 51.5 4.80464 123
43 53 43 53.5 4.7926 50
43 55 43 55 4.55695 9
43 67 39 65.5 4.36857 0
43 69 38.5 68.5 4.24163 0
43 71 38.5 70 4.49805 0
43 73 38.5 72 4.53085 40
43 75 38.5 74 4.53556 40
43 77 38.5 76 4.54582 18
43 79 38.5 78 4.52097 18
43 29 44.5 29.5 4.861 7
43 31 44.5 31.5 4.86229 7
11 33 12 32.5 4.80549 22
11 35 11.5 34.5 4.70972 35
11 9 5.5 8 3.88035 3075
11 41 11.5 40.5 4.3322 27
11 43 10.5 43 4.33078 22
11 45 10.5 44.5 4.4987 22
11 47 11.5 46.5 4.38565 607
11 3 5.5 2.5 4.11717 2762
11 49 11.5 48.5 4.47587 607
11 51 9.5 50 4.35948 528
11 53 16.5 51.5 4.33973 35
11 57 6 56.5 4.42747 135
11 59 6.5 58 4.44876 65
11 61 6.5 60 4.4599 70
11 63 6.5 62.5 4.51251 22
11 1 5 0 4.0946 2762
11 65 6.5 64.5 4.51363 22
11 67 6.5 66.5 4.53299 22
11 69 6 68 4.56129 22
11 71 7 70 4.49018 22
11 73 6.5 72 4.55969 58
11 75 6.5 74 4.51516 58
11 19 4.5 13.5 3.93784 700
11 77 7 76 4.50269 58
11 79 7 78 4.48878 58
11 5 5.5 4.5 4.13703 2762
11 21 6.5 20.5 4.07233 223
11 23 6 22.5 4.05686 223
11 27 12 27.5 4.30083 27
11 7 5.5 6.5 4.11031 2762
11 29 12 29 4.48649 44
45 33 45.5 33.5 4.84156 7
45 35 46 35.5 4.79479 7
45 9 28.5 0 3.64418 3017
45 37 46 37 4.71548 0
45 43 46 43 4.6465 1
45 11 29.5 2.5 3.63912 3017
45 45 45.5 45 4.71801 123
45 47 45.5 47 4.82753 50
45 49 45.5 49.5 4.84483 50
45 51 45.5 51.5 4.8018 123
45 53 45 53 4.71537 50
45 55 44.5 55 4.50588 9
45 57 44.5 56 4.31169 1
45 65 41.5 64 4.17434 40
45 67 41 66 4.36092 0
45 69 40.5 68 4.32332 0
45 71 41 70 4.47916 0
45 73 40.5 72 4.54713 40
45 75 41 74 4.54818 40
45 77 41 76 4.52523 0
45 23 47 25.5 3.81543 622
45 25 46.5 27.5 4.11601 9
45 7 40.5 0.5 3.57382 3285
45 29 46 29.5 4.84378 7
45 31 46 31.5 4.86498 7
47 33 47.5 33.5 4.76229 220
47 37 48 37.5 4.63964 220
47 39 47 39 4.5536 252
47 41 47 41.5 4.57058 252
47 43 48 43.5 4.54532 252
47 45 48 45.5 4.66888 589
47 47 48.5 47 4.75934 622
47 49 47.5 49.5 4.76814 622
47 51 49.5 51 4.74163 589
47 53 46.5 53 4.53548 622
47 65 42.5 63.5 4.23846 99
47 67 42.5 65.5 4.2284 60
47 69 42.5 67.5 4.26448 60
47 71 43 69.5 4.32344 98
47 73 43 72 4.4427 254
47 75 43 74 4.4706 254
47 19 50 17.5 3.79871 593
47 77 43 76 4.39522 220
47 79 42.5 78 4.18424 254
47 23 49.5 23.5 4.08354 284
47 25 49 27.5 4.19265 274
3 35 3 35.5 4.43409 973
3 39 3.5 38.5 4.62085 208
3 41 3.5 40.5 4.61407 973
3 43 3.5 42.5 4.58505 368
3 45 4 45 4.58282 208
3 47 3.5 46.5 4.58565 973
3 53 1.5 50.5 3.859 321
3 15 15.5 6 3.69496 1703
3 17 15.5 8.5 3.69524 1703
3 19 4.5 17 3.7781 1175
3 29 2 23 4.10341 439
49 33 49 33.5 4.75182 98
49 39 48.5 39 4.51683 167
49 41 48.5 41.5 4.52655 167
49 47 50.5 47 4.71344 589
49 49 52.5 48.5 4.7331 589
49 51 52.5 50.5 4.71334 589
49 59 45 58 4.1488 688
49 63 44.5 61.5 4.20416 60
49 1 45 0.5 3.58701 4309
49 65 44.5 63.5 4.22599 138
49 67 44.5 65.5 4.30743 138
49 71 44.5 69.5 4.32522 98
49 73 45 71.5 4.36928 98
49 75 45 73.5 4.31823 98
49 77 44.5 75.5 4.3486 98
49 79 45 77.5 4.18722 176
49 23 50 21.5 4.00551 358
49 25 51.5 25.5 4.13898 135
49 27 51.5 27.5 4.37463 167
49 29 49 29.5 4.7043 143
49 31 49 31 4.76413 143
51 33 51 33.5 4.74833 70
51 35 51 35.5 4.70105 70
51 37 50.5 37 4.62023 60
51 39 50 40.5 4.4214 131
51 43 52.5 43 4.31412 60
51 45 52.5 45.5 4.54319 670
51 47 53.5 47 4.58126 358
51 49 54 48 4.63039 670
51 51 54.5 50.5 4.65886 670
51 57 46.5 55.5 4.33503 181
51 59 46.5 57.5 4.3882 105
51 61 46.5 59.5 4.39134 105
51 63 46.5 61.5 4.32282 60
51 65 47 63.5 4.34076 60
51 67 47 65.5 4.34193 138
51 71 47 70 4.38055 99
51 75 47.5 73 4.25499 138
51 77 46.5 75.5 4.19722 60
51 79 46.5 77.5 4.1862 138
51 21 52 18.5 4.04968 538
51 27 53 27.5 4.35548 65
51 29 50.5 29.5 4.74406 70
51 31 51 31 4.758 70
13 35 14.5 35 4.79135 18
13 9 8 8 3.94675 3075
13 37 14.5 37 4.77096 13
13 39 13.5 38.5 4.59124 18
13 43 12.5 43 4.51524 13
13 45 12.5 45 4.55494 13
13 47 13.5 46.5 4.32693 56
13 3 7.5 2 4.0671 2762
13 49 12.5 49 4.37838 376
13 57 9 56 4.36057 101
13 59 8.5 58.5 4.43387 65
13 61 8.5 60 4.47232 70
13 63 9 62 4.50462 22
13 1 7.5 0 4.09459 2762
13 65 8.5 64 4.47674 22
13 67 8.5 66.5 4.51034 22
13 69 8.5 68 4.54222 22
13 71 8.5 70 4.4748 22
13 73 8.5 72 4.55439 56
13 75 8.5 74 4.57494 56
13 77 8.5 76 4.51383 56
13 79 9 78 4.50945 56
13 5 7.5 4 4.12594 2762
13 7 7.5 6.5 4.15113 2762
13 31 13.5 31 4.85794 13
53 33 53 33 4.74124 70
53 35 53.5 35.5 4.74306 70
53 9 51.5 10.5 3.89475 2090
53 37 53 37 4.66876 60
53 39 53 38.5 4.41148 165
53 41 51.5 42.5 4.3926 65
53 45 54 45.5 4.48949 538
53 51 56.5 50.5 4.417 284
53 53 55.5 52.5 4.39652 284
53 57 48.5 55.5 4.36998 181
53 59 48.5 57.5 4.40849 105
53 61 48.5 59.5 4.4195 105
53 63 48.5 61.5 4.30254 60
53 65 48.5 63.5 4.27896 60
53 67 48.5 65.5 4.20845 60
53 69 48.5 68 4.33976 99
53 75 49 73.5 4.23075 60
53 77 48.5 75.5 4.25219 60
53 79 49 77.5 4.2641 165
53 5 50 2 3.77974 2915
53 29 52.5 29.5 4.73404 70
53 31 53 31 4.7497 70
55 33 55.5 33 4.66292 323
55 35 55.5 35.5 4.67624 323
55 37 55.5 37.5 4.66306 282
55 39 55.5 39.5 4.53374 178
55 41 55 41.5 4.49193 181
55 43 55.5 43.5 4.49821 105
55 47 55.5 47.5 4.40021 602
55 55 50 53.5 4.37626 105
55 57 50.5 55.5 4.33612 105
55 59 50 57.5 4.24303 105
55 61 50.5 59 4.23092 105
55 63 50.5 61.5 4.22819 624
55 1 47 2 3.68885 4256
55 65 50.5 63 4.16151 207
55 67 50.5 65.5 4.05525 208
55 69 51 67.5 4.17607 378
55 71 50.5 69.5 4.21509 148
55 73 51 71.5 4.31402 415
55 75 51 74 4.33642 148
55 19 50 18 3.9791 1639
55 77 51 76 4.30773 415
55 79 51 78 4.29308 415
55 29 54.5 29 4.59605 323
55 31 54.5 31 4.4936 323
57 33 57.5 33.5 4.67004 133
57 35 57.5 35.5 4.66009 133
57 9 51.5 7.5 4.28528 2029
57 37 57.5 37.5 4.6448 105
57 39 57 39 4.58083 178
57 41 56.5 42 4.4675 181
57 11 51.5 9.5 4.23283 2029
57 45 57.5 45 4.51813 105
57 47 57 47.5 4.45684 941
57 3 51.5 1.5 4.05711 2524
57 49 57.5 49 4.49591 1261
57 51 58.5 51 4.50746 1261
57 13 52 11.5 4.33871 2339
57 55 52.5 53 4.31775 105
57 57 52 55 4.31722 105
57 15 52 13.5 4.35582 2339
57 61 52.5 59.5 4.1699 105
57 63 52 61.5 4.15014 207
57 65 52 63.5 4.2177 286
57 67 52 65.5 4.24696 286
57 17 51.5 15.5 4.28753 2029
57 69 53 67.5 4.19479 286
57 71 52.5 69.5 4.20407 313
57 73 52.5 71.5 4.26626 415
57 75 52.5 73.5 4.3016 148
57 77 53 75.5 4.33584 415
57 79 52.5 77.5 4.32664 415
57 21 52 20.5 4.30741 2029
57 27 55.5 27.5 4.39708 181
57 7 51.5 5.5 4.24619 2029
59 33 60 33.5 4.58383 178
59 35 59.5 34.5 4.51995 178
59 9 53.5 7 4.22122 1909
59 37 59.5 37.5 4.23261 173
59 39 59 39.5 4.25324 165
59 41 59.5 41 4.4115 178
59 43 59.5 42.5 4.31214 178
59 11 53.5 9.5 4.19847 1909
59 3 53.5 1.5 4.19306 3154
59 49 59.5 49 4.563 207
59 51 60 51.5 4.53415 649
59 13 54 11.5 4.32692 2339
59 53 62 53 4.28471 423
59 57 54.5 55.5 4.25663 173
59 59 54.5 57.5 4.11891 487
59 61 55 60 4.27017 507
59 65 54.5 64 4.22905 309
59 17 53.5 15.5 4.31583 1909
59 69 55 67.5 4.2336 507
59 71 54.5 69.5 4.35163 309
59 73 54.5 71.5 4.33662 309
59 75 54 73 4.32254 309
59 19 53.5 17.5 4.40509 1909
59 77 54.5 75.5 4.37177 309
59 79 54.5 77.5 4.25985 286
59 5 53.5 3 4.22717 2473
59 21 54 19.5 4.35944 1909
59 23 55.5 20.5 4.0302 2695
59 25 54 24.5 4.20161 234
15 33 16 32.5 4.90516 9
15 35 16 34.5 4.9078 1
15 9 10.5 8 3.81691 3075
15 37 16.5 37 4.89656 9
15 39 16 40 4.91073 1
15 41 16 42.5 4.90798 1
15 45 16 45 4.77536 0
15 47 16.5 47 4.4239 40
15 3 9.5 2.5 4.129 2762
15 57 10 56 4.34833 35
15 61 10.5 60 4.31214 44
15 63 10.5 62 4.54436 0
15 1 9.5 0 4.17588 2762
15 65 10 64.5 4.57996 0
15 67 10.5 66 4.49344 40
15 17 9.5 15.5 3.97841 505
15 69 10.5 68 4.50754 0
15 71 11 70 4.48754 0
15 73 11 72 4.56792 40
15 75 10.5 74 4.59075 40
15 19 9.5 18.5 4.00327 202
15 77 11 76 4.47346 40
15 79 11 78 4.56234 40
15 5 9.5 4 4.1187 2762
15 21 10 20 4.26597 123
15 23 9.5 22 4.26218 50
15 25 10 23.5 4.32365 9
15 27 15.5 27 4.53742 1
15 7 9.5 6.5 4.15869 2762
15 31 15.5 31 4.9055 0
61 33 62 33.5 4.68373 165
61 35 61.5 35 4.68228 165
61 9 56 7 4.26218 2131
61 37 61.5 37.5 4.66805 267
61 39 62 39.5 4.60506 165
61 11 56 9.5 4.3153 2131
61 45 61.5 45.5 4.64351 165
61 47 62 47 4.64838 165
61 3 55.5 1.5 4.16494 3154
61 49 62 49 4.54004 207
61 55 56.5 54.5 4.18828 173
61 57 56.5 56 4.25247 173
61 15 55.5 13.5 4.41768 2131
61 61 57 59.5 4.22494 507
61 63 57 61.5 4.23892 779
61 65 56.5 64 4.21483 779
61 17 55.5 15.5 4.43401 2131
61 69 56 67.5 4.19314 785
61 71 56.5 69.5 4.29137 309
61 73 56.5 71.5 4.35227 309
61 75 56.5 73.5 4.3647 309
61 19 56 17.5 4.48824 2131
61 77 56.5 75.5 4.35662 309
61 79 56.5 77.5 4.27634 415
61 5 55.5 3.5 4.26577 2863
61 21 56 19.5 4.49839 2131
61 23 57.5 20.5 4.0627 2695
61 7 55.5 5.5 4.31456 2131
61 29 56 29.5 4.32709 173
63 35 63.5 35.5 4.69231 165
63 37 63.5 37.5 4.67338 267
63 41 63.5 41.5 4.63292 178
63 43 63.5 43.5 4.63682 201
63 11 58 9.5 4.33121 2131
63 45 63.5 45.5 4.65248 165
63 3 57.5 1 4.08592 3695
63 49 68 49 4.41794 169
63 53 65 53 4.20786 494
63 55 58 53.5 4.21213 173
63 57 58 55 4.3205 487
63 59 58.5 56.5 4.2349 487
63 61 58.5 59.5 4.1073 852
63 63 58.5 61.5 4.2561 805
63 65 58.5 63.5 4.29922 147
63 67 58 65 4.27417 147
63 69 58.5 67 4.24685 937
63 71 58.5 69 4.35878 309
63 73 59 71.5 4.33573 309
63 75 58.5 73.5 4.30724 309
63 19 58 17.5 4.51367 2131
63 77 58.5 75.5 4.3106 309
63 79 58.5 77.5 4.28668 286
63 21 58 19.5 4.49237 2131
63 23 58.5 21 4.01719 3350
63 25 58.5 23.5 4.21839 234
63 27 58.5 26.5 4.3312 173
63 7 57.5 5.5 4.28521 2131
63 29 59.5 28 4.32508 173
63 31 59 30 4.2866 234
1 35 1 35.5 4.13845 1374
1 37 1.5 37 4.36058 1320
1 41 1.5 40.5 4.57719 368
1 45 1.5 43.5 4.57318 333
1 49 0.5 45.5 4.20261 1374
1 51 1.5 49.5 4.01972 1152
1 55 0 54.5 3.82522 268
1 29 0 23 4.12153 439
1 31 0 24.5 4.13972 439
65 33 65 32.5 4.51178 178
65 35 65.5 35.5 4.63829 267
65 9 60 7 4.27992 2131
65 37 65.5 37.5 4.69012 165
65 39 65.5 39.5 4.69139 165
65 41 65.5 41.5 4.66901 267
65 43 65.5 43.5 4.6549 165
65 11 60 9.5 4.32047 2659
65 45 65.5 45.5 4.63111 201
65 47 65.5 46.5 4.45435 178
65 49 67.5 48 4.46725 456
65 51 67 50 4.46968 456
65 13 59.5 11.5 4.36194 3183
65 53 67.5 52 4.422 494
65 57 60 55 4.28467 487
65 59 60.5 57.5 4.25919 487
65 15 59.5 13 4.4263 2131
65 61 61.5 59.5 4.13874 1488
65 63 61 61.5 4.17679 805
65 65 60.5 63.5 4.28872 147
65 67 60.5 65.5 4.28032 147
65 17 59.5 15 4.44832 2131
65 69 60.5 67.5 4.2558 286
65 71 60.5 69.5 4.35606 309
65 73 60.5 71.5 4.3464 309
65 75 61 73.5 4.34606 309
65 19 60 17 4.47915 2659
65 77 60.5 75.5 4.29481 309
65 79 61 77 4.27482 517
65 5 59.5 3.5 4.37493 3183
65 21 60 19 4.47427 2659
65 23 60 21.5 4.20192 4368
65 25 61 23.5 4.26743 234
65 27 60.5 25.5 4.28987 173
65 7 59.5 5.5 4.35331 3183
65 29 61 28 4.32004 173
67 33 67.5 33.5 4.47325 165
67 37 67.5 37.5 4.68664 165
67 39 67.5 39.5 4.68294 165
67 41 67.5 41.5 4.64138 267
67 43 67.5 43.5 4.64588 165
67 45 67.5 45 4.62052 201
67 3 61.5 1.5 4.25072 4036
67 49 69 47.5 4.49428 456
67 51 69 50 4.48998 456
67 13 61.5 11.5 4.36759 3183
67 53 68.5 52 4.4476 494
67 59 62.5 57.5 4.25588 450
67 15 61.5 13 4.43355 2131
67 61 63.5 59.5 4.22367 450
67 63 62.5 61.5 4.31997 309
67 1 62.5 2 3.90537 5354
67 65 62.5 63 4.28364 309
67 67 62.5 65 4.31445 309
67 69 62 67.5 4.33412 309
67 71 63 69 4.30776 309
67 73 63 71 4.29293 309
67 75 63 73 4.36731 309
67 77 63 75 4.31514 309
67 79 62.5 77.5 4.24768 286
67 5 61.5 3.5 4.34825 3183
67 21 62 19 4.44954 2131
67 23 62.5 21.5 4.23134 4368
67 27 62 25.5 4.32075 169
67 7 61.5 5 4.3285 3183
17 35 18 35 4.90642 1
17 39 17.5 39.5 4.92026 1
17 41 18 42.5 4.9171 1
17 3 11.5 2 4.16779 2762
17 51 18.5 50.5 4.41549 50
17 55 20.5 53.5 4.33044 9
17 57 12 56.5 4.36207 35
17 59 11.5 58.5 4.37178 27
17 15 11.5 13.5 3.90324 877
17 61 12.5 60 4.36547 44
17 63 12.5 62 4.54585 0
17 1 12 0 4.1867 2762
17 65 12.5 64 4.5638 0
17 67 13 66 4.54847 90
17 17 11 15 4.09544 1416
17 69 12.5 68 4.49523 0
17 71 12.5 70.5 4.46917 0
17 73 12.5 72 4.59303 40
17 75 12.5 74 4.59581 40
17 19 12.5 18.5 4.11594 1363
17 77 12.5 76 4.52446 56
17 79 12.5 78 4.54451 56
17 5 11.5 4 4.14198 2762
17 21 12 20 4.45148 1137
17 25 11.5 24 4.46602 9
17 7 11.5 6 4.15186 2762
17 31 16.5 31 4.90565 0
69 33 69.5 35.5 4.23358 147
69 9 63.5 7.5 4.30309 2131
69 37 69.5 37.5 4.27288 147
69 39 69 39.5 4.32229 147
69 41 69 40.5 4.14946 221
69 43 69.5 42.5 4.09734 423
69 11 63.5 9.5 4.31331 3183
69 45 70.5 43.5 4.1987 423
69 3 63.5 1.5 4.25686 4036
69 49 71.5 48 4.43784 602
69 51 71 50 4.42901 602
69 13 63.5 11.5 4.28973 2863
69 53 75.5 54 4.41373 573
69 57 64.5 55 4.21809 808
69 59 65 57.5 4.31326 663
69 15 64 13 4.44638 2131
69 61 64.5 59 4.27524 663
69 63 64.5 61.5 4.26865 309
69 65 64.5 63.5 4.32776 309
69 67 64.5 65.5 4.31933 309
69 17 63.5 15 4.48952 2131
69 69 64 67.5 4.34491 309
69 71 64.5 69.5 4.31999 779
69 73 64.5 71 4.33837 779
69 75 64.5 73.5 4.36094 309
69 19 63.5 17 4.51498 2131
69 77 64.5 75.5 4.3663 309
69 79 64.5 77.5 4.19081 286
69 23 64 21.5 4.15744 2070
69 25 63.5 23.5 4.23721 169
69 27 64 25.5 4.30261 169
69 7 63.5 5 4.39629 3183
69 29 64 27.5 4.16814 185
69 31 64 29.5 4.10295 169
71 9 65.5 7.5 4.36191 2131
71 11 65.5 9.5 4.34103 2880
71 47 76.5 47.5 4.10561 573
71 3 66 0.5 4.2858 4036
71 49 76.5 49.5 4.27561 337
71 51 77 51.5 4.39746 573
71 13 65.5 11 4.34417 2880
71 53 77.5 54 4.40723 573
71 55 77.5 56 4.25515 337
71 57 66 55.5 4.32526 415
71 59 66.5 57 4.3218 415
71 15 66 13 4.47149 2131
71 61 66.5 59.5 4.38105 415
71 63 67 61 4.39905 415
71 65 66 63 4.29959 482
71 67 67 65.5 4.35004 482
71 17 66 15 4.46024 2131
71 69 67 67 4.38423 415
71 71 67 69 4.41242 309
71 73 67 71 4.38331 309
71 75 66.5 73.5 4.33347 309
71 19 65.5 17 4.51337 2131
71 77 67 75 4.33778 309
71 79 66.5 76.5 4.23597 517
71 5 65.5 3 4.39692 3183
71 21 65.5 19 4.49747 2131
71 27 66.5 24.5 3.92507 1602
71 7 65.5 5.5 4.36947 3183
71 29 66 26 4.04583 1093
73 9 67.5 7.5 4.3455 2880
73 39 78 41.5 3.91531 590
73 41 78 43 3.92819 590
73 43 78.5 44.5 3.85647 1019
73 45 78 46 3.86308 750
73 49 78.5 49 4.0688 244
73 51 78.5 50.5 4.09153 746
73 13 68 11 4.35791 2863
73 53 79.5 54 4.09306 590
73 55 79.5 56 3.90313 4006
73 57 68.5 55 4.35773 415
73 59 68.5 57.5 4.31687 415
73 15 68 13 4.44665 2131
73 61 68.5 59.5 4.38473 415
73 63 68.5 61 4.38429 415
73 65 68.5 63.5 4.27066 482
73 67 68.5 65.5 4.3428 482
73 17 68 15 4.48275 2131
73 69 68.5 67 4.37311 415
73 71 69 69 4.40648 309
73 73 68.5 71.5 4.37794 309
73 75 68.5 73.5 4.32673 309
73 19 68 17.5 4.51118 2131
73 77 68.5 75 4.31293 309
73 79 68.5 77 4.23296 517
73 5 67.5 3 4.33478 2880
73 21 67.5 19 4.49743 2131
73 23 67.5 21 4.37461 3149
73 25 67.5 23 4.06338 3258
73 27 68.5 25.5 3.83387 4666
73 7 67.5 5.5 4.28075 2659
73 31 68.5 28 3.8515 1039
75 33 70 31 4.04309 385
75 35 70.5 33 4.06568 385
75 9 70 7 4.34016 2880
75 37 70 35.5 4.12577 385
75 3 69.5 1 4.16656 4036
75 57 70 55 4.25921 415
75 59 70.5 57.5 4.32706 441
75 15 70 13 4.46138 2131
75 61 70.5 59.5 4.37459 415
75 63 70.5 61 4.39757 482
75 65 70.5 63 4.34457 482
75 67 70.5 65.5 4.24788 482
75 17 70 15 4.44258 2131
75 69 70.5 67 4.3712 415
75 71 70.5 69 4.38596 415
75 73 70.5 71 4.29506 779
75 75 70.5 73.5 4.24253 785
75 19 70 17.5 4.51675 2131
75 77 71 75 4.25227 779
75 79 71 77.5 4.13642 914
75 5 69.5 3 4.26513 2880
75 21 70 19 4.48014 2131
75 23 69.5 21 4.37649 2215
75 25 69 23.5 4.04476 3258
75 27 70 25.5 4.00789 1476
75 7 69.5 5 4.26896 2659
75 29 70.5 26.5 4.07577 1039
75 31 70 29 3.99868 1039
19 33 20.5 32.5 4.92283 9
19 9 13.5 8 3.95553 3075
19 37 20 37.5 4.92989 1
19 39 19.5 39.5 4.9192 9
19 41 20 41 4.90261 1
19 45 19 45 4.87547 0
19 47 18.5 46.5 4.75409 40
19 3 13.5 2 4.16109 2762
19 49 17.5 49 4.36722 826
19 53 14 51.5 4.51251 33
19 55 14.5 53 4.44844 33
19 59 12.5 59 4.15434 135
19 15 12.5 13.5 3.89949 877
19 61 14.5 60.5 4.37301 44
19 63 14.5 62 4.56117 22
19 65 14.5 64 4.55559 58
19 67 14.5 66 4.5781 22
19 17 12.5 14.5 4.07718 1416
19 69 14.5 68 4.62358 58
19 71 14.5 70 4.63778 22
19 73 14.5 72 4.60234 22
19 75 14.5 74 4.55266 22
19 19 15.5 19 4.02644 1363
19 77 14.5 76 4.578 58
19 79 14.5 78 4.58772 58
19 5 13.5 4 4.16004 2762
19 21 14.5 20.5 4.56112 589
19 23 17 24 4.75778 364
19 25 16.5 26 4.74394 364
19 7 13.5 6 4.12372 2762
19 29 17.5 29.5 4.85954 7
19 31 18 31 4.91784 0
77 33 72 31 4.2109 1572
77 35 72 33.5 4.18788 1486
77 9 72 7 4.39502 3183
77 37 72 35.5 4.168 890
77 39 72 37.5 4.105 385
77 41 71.5 40.5 3.92059 2411
77 11 71.5 9 4.38386 3183
77 3 71.5 0.5 4.26168 4036
77 51 77.5 44.5 3.80485 453
77 13 71.5 11.5 4.2984 2029
77 57 72 55 4.23596 415
77 59 72.5 57 4.28271 441
77 61 72.5 59 4.33976 415
77 63 72.5 61 4.38361 482
77 65 72.5 63.5 4.39877 482
77 67 72.5 65.5 4.33201 482
77 17 72 15.5 4.43782 2659
77 69 72.5 67 4.36538 415
77 71 72.5 69.5 4.34598 415
77 73 73 71.5 4.21962 441
77 75 72.5 73 4.24326 482
77 19 72 17.5 4.45656 2659
77 77 72.5 75.5 4.28645 482
77 79 73 77 4.18321 914
77 5 71.5 3 4.32342 3183
77 21 72 19.5 4.45815 2659
77 23 72 21 4.39314 2215
77 25 72.5 23.5 4.13558 3258
77 27 72 25 4.15201 1963
77 7 71.5 5 4.35674 2029
77 29 72 27 4.25799 1648
77 31 72 29 4.2669 1648
79 33 74 31.5 4.21736 1572
79 35 74 33.5 4.21704 385
79 9 74 7 4.39882 3183
79 39 74 37 4.18245 385
79 41 74 39.5 4.10016 450
79 43 74 41 3.95061 521
79 11 74 9 4.41563 3183
79 3 73 1.5 4.18177 4036
79 13 73.5 11 4.36008 2029
79 59 74.5 57.5 4.24175 450
79 15 73.5 13 4.416 2029
79 61 74.5 59 4.23834 680
79 63 74.5 61 4.25068 1488
79 65 74 63 4.23314 680
79 67 74.5 65 4.2638 680
79 69 74.5 67 4.14802 813
79 71 74.5 69.5 4.34229 357
79 73 75 71 4.34292 357
79 75 75 73.5 4.28628 521
79 77 74.5 75.5 4.16158 357
79 79 74.5 77 4.01879 780
79 5 73.5 3 4.32994 3183
79 23 74 21 4.35204 3149
79 25 74 23 4.20619 3258
79 27 74 25 4.16144 1963
79 7 73.5 5 4.3624 2029
79 29 74 27 4.2725 1648
79 31 74 29.5 4.25728 1648
5 33 7.5 31.5 4.5508 69
5 35 4.5 35.5 4.6332 92
5 37 5.5 36.5 4.63734 92
5 39 6 38.5 4.60852 208
5 41 5 40.5 4.58971 973
5 43 5 42 4.47387 973
5 11 2 8 3.71875 3890
5 47 5.5 46.5 4.59225 973
5 49 5.5 48.5 4.58746 973
5 51 3.5 49.5 4.2242 528
5 57 0 56 4.37376 135
5 59 0.5 58.5 4.39967 135
5 61 1 60 4.38755 131
5 63 0.5 62 4.38667 93
5 65 0 64.5 4.37947 69
5 69 0 67.5 4.38851 69
5 71 0.5 70 4.45816 93
5 73 0.5 72.5 4.48989 69
5 75 0.5 74.5 4.46782 69
5 19 0 19 3.79414 610
5 77 0.5 76 4.45257 69
5 79 1 78 4.45922 69
5 25 2.5 25 4.00597 88
5 29 3 29.5 4.04376 155
21 33 22.5 33.5 4.92962 9
21 35 21.5 35.5 4.92981 9
21 9 16 8.5 3.95601 3075
21 39 22 39 4.90402 9
21 43 21.5 43.5 4.8637 0
21 45 21.5 45.5 4.8794 0
21 47 21.5 47 4.75794 40
21 3 15.5 2 4.10838 2762
21 49 21.5 49.5 4.63077 131
21 51 25.5 51.5 4.17259 135
21 53 26.5 53.5 4.57314 135
21 55 26.5 55.5 4.55959 135
21 57 25.5 57 4.08721 131
21 61 16.5 60.5 4.35597 44
21 63 16.5 62 4.56385 22
21 1 15.5 0 4.14448 2762
21 65 16.5 64.5 4.56983 58
21 67 16.5 66 4.57721 22
21 17 15.5 14.5 4.0787 1416
21 69 16.5 68 4.59495 58
21 71 16 70 4.63974 22
21 73 16.5 72.5 4.62757 22
21 75 17 74 4.56584 56
21 77 17 76 4.56214 58
21 79 17 78 4.54942 58
21 5 15.5 4 4.13577 2762
21 21 16.5 20.5 4.55274 589
21 7 16 6.5 4.10667 2762
21 31 20 31 4.91468 0
23 33 24 33.5 4.87551 0
23 35 24 35.5 4.84704 274
23 9 18.5 9.5 3.85224 3751
23 37 24 37 4.78105 13
23 41 23.5 42.5 4.64423 252
23 43 24.5 44 4.50343 220
23 11 22 8.5 3.70443 1173
23 49 23 49 4.71025 202
23 51 26.5 51 4.43783 9
23 53 28 53.5 4.67985 9
23 55 28.5 55.5 4.69018 9
23 61 19 60.5 4.42944 44
23 63 18.5 62 4.55246 22
23 1 16.5 0 3.80427 3286
23 65 18.5 64 4.64291 58
23 67 18.5 66 4.62759 58
23 69 19 68 4.58403 22
23 71 18.5 70 4.58459 0
23 73 19 72 4.63296 40
23 75 19 74 4.6295 40
23 19 18.5 16.5 4.09908 826
23 77 18.5 76 4.59115 0
23 79 18.5 78 4.56752 40
23 5 17.5 3.5 3.93929 3286
23 21 17.5 19.5 4.38485 589
23 23 21 24 4.76406 364
23 25 18 24 4.85632 9
23 27 18 26 4.84034 9
23 7 18.5 6.5 3.90047 3286
23 29 19.5 29 4.84865 9
25 35 26 35.5 4.81581 199
25 9 20 8 3.77779 3006
25 39 25.5 39 4.67502 199
25 11 24.5 9 3.77814 1173
25 47 26 48 4.70945 40
25 3 21.5 0.5 3.86013 3568
25 49 25.5 49.5 4.70338 202
25 13 22.5 12 3.70429 2165
25 55 30.5 55.5 4.69646 9
25 61 20.5 60 4.47333 44
25 63 20.5 62 4.59215 22
25 65 20.5 64 4.64817 58
25 67 20.5 66 4.64431 58
25 71 20.5 69.5 4.57491 0
25 73 20.5 72 4.62842 40
25 75 20.5 74 4.60026 40
25 77 21 76.5 4.61033 0
25 79 21 78 4.57874 56
25 5 20.5 3.5 3.8694 3129
25 23 22.5 23.5 4.74612 364
25 25 19.5 23.5 4.85789 9
25 27 20.5 26 4.84946 9
25 7 20 6 3.88807 3129
25 29 21.5 29 4.84311 9
25 31 26.5 32.5 4.87131 0
27 37 27.5 38.5 4.7408 13
27 41 27.5 41 4.60243 1
27 43 28 44.5 4.6656 0
27 45 27.5 45.5 4.69842 35
27 47 27.5 47.5 4.71279 35
27 3 23 1 3.86344 3568
27 59 30 60 4.12129 125
27 15 27.5 13.5 3.79221 611
27 61 23 59.5 4.28146 31
27 65 22 64.5 4.42767 56
27 67 22 66 4.55458 56
27 69 22.5 68 4.58965 40
27 71 22.5 70 4.6431 0
27 73 22.5 72 4.65889 0
27 75 22.5 74 4.64701 40
27 19 21.5 16 4.10206 202
27 77 22.5 76 4.64337 0
27 5 23 2.5 3.76028 3568
27 21 22.5 17.5 4.20089 123
27 23 24 23 4.39562 52
27 25 22.5 24 4.81177 9
27 27 23.5 26.5 4.82225 9
27 29 22.5 28.5 4.63623 9
7 9 1.5 8.5 4.00314 3075
7 37 7.5 36.5 4.64685 82
7 41 8 40 4.43832 973
7 43 8.5 42.5 4.22484 378
7 11 1.5 10.5 3.82627 4605
7 45 7 44.5 4.42402 378
7 47 7.5 46.5 4.58106 973
7 3 0.5 3.5 3.96236 3075
7 49 7.5 48.5 4.59089 973
7 51 5.5 50 4.3128 738
7 13 1.5 12 3.86357 4605
7 53 15.5 57 4.09658 133
7 55 15.5 59 4.11599 133
7 57 2 56.5 4.38178 135
7 59 2.5 58.5 4.4297 135
7 15 1.5 14 3.73613 3834
7 61 2.5 60 4.36214 70
7 63 2.5 62.5 4.44044 60
7 1 1.5 0 3.96433 2762
7 65 2.5 64.5 4.43869 64
7 67 2.5 66.5 4.48044 64
7 69 2 68.5 4.42486 60
7 71 2.5 70.5 4.45682 60
7 73 2.5 72 4.46754 64
7 75 2.5 74 4.55599 60
7 77 2.5 76 4.53628 60
7 79 2.5 78 4.50764 64
7 5 1.5 4.5 4.03351 2762
7 21 5.5 21 3.96721 419
7 23 5 23 4.0423 419
7 25 4 25.5 4.01799 74
7 7 1.5 6 4.08836 2762
29 33 28.5 33.5 4.85804 0
29 37 30 38 4.6982 0
29 39 29.5 39.5 4.63361 9
29 41 29.5 41 4.61096 18
29 43 29.5 43.5 4.63493 0
29 49 32.5 50 4.7026 52
29 51 30.5 53.5 4.49351 52
29 13 28.5 10.5 3.66637 2165
29 53 32.5 54 4.68084 9
29 57 34.5 58 4.33095 1
29 15 28.5 13.5 3.79639 611
29 61 25.5 61.5 4.1702 7
29 65 25.5 64 4.35795 40
29 17 23.5 15.5 3.96704 505
29 69 25 67.5 4.55402 40
29 71 24.5 70 4.66345 0
29 73 24.5 72 4.64584 0
29 75 24.5 74 4.60545 40
29 79 24 77.5 4.60479 40
29 21 24.5 17.5 4.29182 123
29 25 24.5 24.5 4.79292 9
29 27 25.5 26 4.82698 9
29 29 25 28 4.64226 9
29 31 27.5 30.5 4.85106 0
31 33 30.5 33.5 4.8462 1
31 35 31.5 35.5 4.81375 7
31 41 31.5 41.5 4.66822 9
31 43 31.5 43.5 4.70084 1
31 45 31.5 45.5 4.69297 9
31 47 32.5 47 4.74116 1
31 51 36.5 50 4.70116 50
31 53 36.5 52.5 4.68142 50
31 55 33.5 56 4.49929 274
31 57 31.5 58.5 4.27736 15
31 15 30 13.5 3.74703 877
31 63 28 64 4.26877 98
31 67 27 66 4.30722 220
31 17 28 16.5 3.91642 669
31 69 27 68 4.50729 195
31 71 26.5 70 4.6341 98
31 73 26.5 72 4.63755 98
31 75 26.5 74 4.5847 129
31 19 29 18 4.03845 1541
31 77 26.5 76 4.6011 129
31 79 26.5 78 4.56696 129
31 23 26 22.5 4.33217 364
31 27 29.5 27 4.73451 1
31 29 29.5 29 4.75239 7
31 31 29.5 31 4.84634 1
